Determining if the pthread_create exist failed with the following output:
Change Dir: /home/xinlong/sdbox_xlz/sdsandbox/catkin_ws/build/CMakeFiles/CMakeTmp

Run Build Command:"/usr/bin/make" "cmTC_be00d/fast"
/usr/bin/make -f CMakeFiles/cmTC_be00d.dir/build.make CMakeFiles/cmTC_be00d.dir/build
make[1]: Entering directory '/home/xinlong/sdbox_xlz/sdsandbox/catkin_ws/build/CMakeFiles/CMakeTmp'
Building C object CMakeFiles/cmTC_be00d.dir/CheckSymbolExists.c.o
/usr/bin/cc    -o CMakeFiles/cmTC_be00d.dir/CheckSymbolExists.c.o   -c /home/xinlong/sdbox_xlz/sdsandbox/catkin_ws/build/CMakeFiles/CMakeTmp/CheckSymbolExists.c
Linking C executable cmTC_be00d
/usr/bin/cmake -E cmake_link_script CMakeFiles/cmTC_be00d.dir/link.txt --verbose=1
/usr/bin/cc      -rdynamic CMakeFiles/cmTC_be00d.dir/CheckSymbolExists.c.o  -o cmTC_be00d 
CMakeFiles/cmTC_be00d.dir/CheckSymbolExists.c.o: In function `main':
CheckSymbolExists.c:(.text+0x1b): undefined reference to `pthread_create'
collect2: error: ld returned 1 exit status
CMakeFiles/cmTC_be00d.dir/build.make:97: recipe for target 'cmTC_be00d' failed
make[1]: *** [cmTC_be00d] Error 1
make[1]: Leaving directory '/home/xinlong/sdbox_xlz/sdsandbox/catkin_ws/build/CMakeFiles/CMakeTmp'
Makefile:126: recipe for target 'cmTC_be00d/fast' failed
make: *** [cmTC_be00d/fast] Error 2

File /home/xinlong/sdbox_xlz/sdsandbox/catkin_ws/build/CMakeFiles/CMakeTmp/CheckSymbolExists.c:
/* */
#include <pthread.h>

int main(int argc, char** argv)
{
  (void)argv;
#ifndef pthread_create
  return ((int*)(&pthread_create))[argc];
#else
  (void)argc;
  return 0;
#endif
}

Determining if the function pthread_create exists in the pthreads failed with the following output:
Change Dir: /home/xinlong/sdbox_xlz/sdsandbox/catkin_ws/build/CMakeFiles/CMakeTmp

Run Build Command:"/usr/bin/make" "cmTC_aa68e/fast"
/usr/bin/make -f CMakeFiles/cmTC_aa68e.dir/build.make CMakeFiles/cmTC_aa68e.dir/build
make[1]: Entering directory '/home/xinlong/sdbox_xlz/sdsandbox/catkin_ws/build/CMakeFiles/CMakeTmp'
Building C object CMakeFiles/cmTC_aa68e.dir/CheckFunctionExists.c.o
/usr/bin/cc   -DCHECK_FUNCTION_EXISTS=pthread_create   -o CMakeFiles/cmTC_aa68e.dir/CheckFunctionExists.c.o   -c /usr/share/cmake-3.10/Modules/CheckFunctionExists.c
Linking C executable cmTC_aa68e
/usr/bin/cmake -E cmake_link_script CMakeFiles/cmTC_aa68e.dir/link.txt --verbose=1
/usr/bin/cc  -DCHECK_FUNCTION_EXISTS=pthread_create    -rdynamic CMakeFiles/cmTC_aa68e.dir/CheckFunctionExists.c.o  -o cmTC_aa68e -lpthreads 
/usr/bin/ld: cannot find -lpthreads
collect2: error: ld returned 1 exit status
CMakeFiles/cmTC_aa68e.dir/build.make:97: recipe for target 'cmTC_aa68e' failed
make[1]: *** [cmTC_aa68e] Error 1
make[1]: Leaving directory '/home/xinlong/sdbox_xlz/sdsandbox/catkin_ws/build/CMakeFiles/CMakeTmp'
Makefile:126: recipe for target 'cmTC_aa68e/fast' failed
make: *** [cmTC_aa68e/fast] Error 2


