Determining if the pthread_create exist failed with the following output:
Change Dir: /home/xinlong/sdbox_xlz/sdsandbox/build/CMakeFiles/CMakeTmp

Run Build Command:"/usr/bin/make" "cmTC_49e61/fast"
/usr/bin/make -f CMakeFiles/cmTC_49e61.dir/build.make CMakeFiles/cmTC_49e61.dir/build
make[1]: Entering directory '/home/xinlong/sdbox_xlz/sdsandbox/build/CMakeFiles/CMakeTmp'
Building C object CMakeFiles/cmTC_49e61.dir/CheckSymbolExists.c.o
/usr/bin/cc    -o CMakeFiles/cmTC_49e61.dir/CheckSymbolExists.c.o   -c /home/xinlong/sdbox_xlz/sdsandbox/build/CMakeFiles/CMakeTmp/CheckSymbolExists.c
Linking C executable cmTC_49e61
/usr/bin/cmake -E cmake_link_script CMakeFiles/cmTC_49e61.dir/link.txt --verbose=1
/usr/bin/cc      -rdynamic CMakeFiles/cmTC_49e61.dir/CheckSymbolExists.c.o  -o cmTC_49e61 
CMakeFiles/cmTC_49e61.dir/CheckSymbolExists.c.o: In function `main':
CheckSymbolExists.c:(.text+0x1b): undefined reference to `pthread_create'
collect2: error: ld returned 1 exit status
CMakeFiles/cmTC_49e61.dir/build.make:97: recipe for target 'cmTC_49e61' failed
make[1]: *** [cmTC_49e61] Error 1
make[1]: Leaving directory '/home/xinlong/sdbox_xlz/sdsandbox/build/CMakeFiles/CMakeTmp'
Makefile:126: recipe for target 'cmTC_49e61/fast' failed
make: *** [cmTC_49e61/fast] Error 2

File /home/xinlong/sdbox_xlz/sdsandbox/build/CMakeFiles/CMakeTmp/CheckSymbolExists.c:
/* */
#include <pthread.h>

int main(int argc, char** argv)
{
  (void)argv;
#ifndef pthread_create
  return ((int*)(&pthread_create))[argc];
#else
  (void)argc;
  return 0;
#endif
}

Determining if the function pthread_create exists in the pthreads failed with the following output:
Change Dir: /home/xinlong/sdbox_xlz/sdsandbox/build/CMakeFiles/CMakeTmp

Run Build Command:"/usr/bin/make" "cmTC_8609a/fast"
/usr/bin/make -f CMakeFiles/cmTC_8609a.dir/build.make CMakeFiles/cmTC_8609a.dir/build
make[1]: Entering directory '/home/xinlong/sdbox_xlz/sdsandbox/build/CMakeFiles/CMakeTmp'
Building C object CMakeFiles/cmTC_8609a.dir/CheckFunctionExists.c.o
/usr/bin/cc   -DCHECK_FUNCTION_EXISTS=pthread_create   -o CMakeFiles/cmTC_8609a.dir/CheckFunctionExists.c.o   -c /usr/share/cmake-3.10/Modules/CheckFunctionExists.c
Linking C executable cmTC_8609a
/usr/bin/cmake -E cmake_link_script CMakeFiles/cmTC_8609a.dir/link.txt --verbose=1
/usr/bin/cc  -DCHECK_FUNCTION_EXISTS=pthread_create    -rdynamic CMakeFiles/cmTC_8609a.dir/CheckFunctionExists.c.o  -o cmTC_8609a -lpthreads 
/usr/bin/ld: cannot find -lpthreads
collect2: error: ld returned 1 exit status
CMakeFiles/cmTC_8609a.dir/build.make:97: recipe for target 'cmTC_8609a' failed
make[1]: *** [cmTC_8609a] Error 1
make[1]: Leaving directory '/home/xinlong/sdbox_xlz/sdsandbox/build/CMakeFiles/CMakeTmp'
Makefile:126: recipe for target 'cmTC_8609a/fast' failed
make: *** [cmTC_8609a/fast] Error 2


